<?xml version="1.0" encoding="UTF-8"?>
<testsuite xmlns:xsi="http://www.w3.org/2001/XMLSchema-instance" xsi:noNamespaceSchemaLocation="https://maven.apache.org/surefire/maven-failsafe-plugin/xsd/failsafe-test-report.xsd" name="Login Page Feature" time="17.952" tests="3" errors="1" skipped="0" failures="0">
  <properties>
[...]
</properties>
  <testcase name="Login page title" classname="Login Page Feature" time="6.086">
    <error message="The step &apos;Page title should be &quot;Facebook – log in or sign up&quot;;&apos; is undefined.&#10;You can implement this step using the snippet(s) below:&#10;&#10;@Then(&quot;Page title should be {string};&quot;)&#10;public void page_title_should_be(String string) {&#10;    // Write code here that turns the phrase above into concrete actions&#10;    throw new io.cucumber.java.PendingException();&#10;}&#10;" type="io.cucumber.junit.UndefinedStepException">io.cucumber.junit.UndefinedStepException: 
The step 'Page title should be "Facebook – log in or sign up";' is undefined.
You can implement this step using the snippet(s) below:

@Then("Page title should be {string};")
public void page_title_should_be(String string) {
    // Write code here that turns the phrase above into concrete actions
    throw new io.cucumber.java.PendingException();
}

</error>
    <system-out><![CDATA[&amp#27;[32m&amp#27;[1m????????????????????????????????????????????????????????????????????????????&amp#27;[0m
&amp#27;[32m&amp#27;[1m?&amp#27;[0m View your Cucumber Report at:                                            &amp#27;[32m&amp#27;[1m?&amp#27;[0m
&amp#27;[32m&amp#27;[1m?&amp#27;[0m &amp#27;[1m&amp#27;[36m&amp#27;[4mhttps://reports.cucumber.io/reports/8e1453dd-36f4-4706-bda4-410747428d70&amp#27;[0m &amp#27;[32m&amp#27;[1m?&amp#27;[0m
&amp#27;[32m&amp#27;[1m?&amp#27;[0m                                                                          &amp#27;[32m&amp#27;[1m?&amp#27;[0m
&amp#27;[32m&amp#27;[1m?&amp#27;[0m &amp#27;[1mThis report will self-destruct in 24h.&amp#27;[0m                                   &amp#27;[32m&amp#27;[1m?&amp#27;[0m
&amp#27;[32m&amp#27;[1m?&amp#27;[0m Keep reports forever: &amp#27;[4m&amp#27;[1m&amp#27;[36mhttps://reports.cucumber.io/profile&amp#27;[0m                &amp#27;[32m&amp#27;[1m?&amp#27;[0m
&amp#27;[32m&amp#27;[1m????????????????????????????????????????????????????????????????????????????&amp#27;[0m
Scenario: Login page title                                  &amp#27;[90m# src/test/resources/com.features/LoginPage.feature:3&amp#27;[0m
Browser values is:chrome
  &amp#27;[32mGiven &amp#27;[0m&amp#27;[32mUser is on login page&amp#27;[0m                               &amp#27;[90m# stepdefinitions.LoginSteps.user_is_on_login_page()&amp#27;[0m
Login page title is : Facebook – log in or sign up
  &amp#27;[32mWhen &amp#27;[0m&amp#27;[32mUser gets the title of the page&amp#27;[0m                      &amp#27;[90m# stepdefinitions.LoginSteps.user_gets_the_title_of_the_page()&amp#27;[0m
  &amp#27;[33mThen &amp#27;[0m&amp#27;[33mPage title should be "Facebook â€“ log in or sign up";&amp#27;[0m
]]></system-out>
  </testcase>
  <testcase name="Forgot Password Link" classname="Login Page Feature" time="2.757"/>
  <testcase name="Login with correct credentials" classname="Login Page Feature" time="9.107"/>
</testsuite>